0 info it worked if it ends with ok
1 verbose cli [ 'C:\\Program Files\\nodejs\\node.exe',
1 verbose cli   'C:\\Program Files\\nodejs\\node_modules\\npm\\bin\\npm-cli.js',
1 verbose cli   'run',
1 verbose cli   'watch' ]
2 info using npm@3.3.12
3 info using node@v5.2.0
4 verbose run-script [ 'prewatch', 'watch', 'postwatch' ]
5 info lifecycle moyafluffy@1.0.0~prewatch: moyafluffy@1.0.0
6 silly lifecycle moyafluffy@1.0.0~prewatch: no script for prewatch, continuing
7 info lifecycle moyafluffy@1.0.0~watch: moyafluffy@1.0.0
8 verbose lifecycle moyafluffy@1.0.0~watch: unsafe-perm in lifecycle true
9 verbose lifecycle moyafluffy@1.0.0~watch: PATH: C:\Program Files\nodejs\node_modules\npm\bin\node-gyp-bin;C:\workspace\html\moyafluffy\node_modules\.bin;C:\Users\Gemma\bin;C:\Program Files\Git\mingw64\bin;C:\Program Files\Git\usr\local\bin;C:\Program Files\Git\usr\bin;C:\Program Files\Git\usr\bin;C:\Program Files\Git\mingw64\bin;C:\Program Files\Git\usr\bin;C:\Users\Gemma\bin;C:\Program Files (x86)\Google\Chrome\Application;C:\Program Files (x86)\Intel\iCLS Client;C:\Program Files\Intel\iCLS Client;C:\WINDOWS\system32;C:\WINDOWS;C:\WINDOWS\System32\Wbem;C:\WINDOWS\System32\WindowsPowerShell\v1.0;C:\Program Files\Intel\Intel(R) Management Engine Components\DAL;C:\Program Files\Intel\Intel(R) Management Engine Components\IPT;C:\Program Files (x86)\Intel\Intel(R) Management Engine Components\DAL;C:\Program Files (x86)\Intel\Intel(R) Management Engine Components\IPT;C:\Program Files (x86)\ATI Technologies\ATI.ACE\Core-Static;C:\Program Files\Intel\WiFi\bin;C:\Program Files\Common Files\Intel\WirelessCommon;C:\Program Files (x86)\Windows Live\Shared;C:\workspace\vagrant\bin;C:\servers\php\php-5.5.14-Win32-VC11-x86;C:\ProgramData\ComposerSetup\bin;C:\Program Files\Microsoft SQL Server\110\Tools\Binn;C:\Program Files (x86)\Windows Kits\8.1\Windows Performance Toolkit;C:\Program Files (x86)\Microsoft SDKs\TypeScript\1.0;C:\Program Files\Microsoft SQL Server\120\Tools\Binn;C:\Program Files (x86)\PDFtk\bin;C:\Program Files (x86)\PDFtk Server\bin;C:\Program Files\Amazon\AWSCLI;C:\Program Files (x86)\Skype\Phone;C:\Program Files\nodejs;C:\Ruby22-x64\bin;C:\Program Files\MongoDB 2.6 Standard\bin;C:\workspace\node\Haraka\bin;C:\servers\php\php-5.5.14-Win32-VC11-x86;C:\servers\MySQL\MySQL Server 5.6\bin;C:\Users\Gemma\AppData\Roaming\npm;C:\ProgramData\Gemma\atom\bin;C:\Users\Gemma\AppData\Local\atom\bin;C:\Users\Gemma\AppData\Roaming\Dashlane\4.0.1.98943\bin\Firefox_Extension\{442718d9-475e-452a-b3e1-fb1ee16b8e9f}\components;C:\Users\Gemma\AppData\Roaming\Dashlane\4.1.0.99957\bin\Firefox_Extension\{442718d9-475e-452a-b3e1-fb1ee16b8e9f}\components;C:\Program Files\Git\usr\bin\vendor_perl;C:\Program Files\Git\usr\bin\core_perl
10 verbose lifecycle moyafluffy@1.0.0~watch: CWD: C:\workspace\html\moyafluffy
11 silly lifecycle moyafluffy@1.0.0~watch: Args: [ '/d /s /c',
11 silly lifecycle   'sass --watch app/sass/main.scss app/sass/main.css' ]
12 silly lifecycle moyafluffy@1.0.0~watch: Returned: code: 1  signal: null
13 info lifecycle moyafluffy@1.0.0~watch: Failed to exec watch script
14 verbose stack Error: moyafluffy@1.0.0 watch: `sass --watch app/sass/main.scss app/sass/main.css`
14 verbose stack Exit status 1
14 verbose stack     at EventEmitter.<anonymous> (C:\Program Files\nodejs\node_modules\npm\lib\utils\lifecycle.js:232:16)
14 verbose stack     at emitTwo (events.js:88:13)
14 verbose stack     at EventEmitter.emit (events.js:173:7)
14 verbose stack     at ChildProcess.<anonymous> (C:\Program Files\nodejs\node_modules\npm\lib\utils\spawn.js:24:14)
14 verbose stack     at emitTwo (events.js:88:13)
14 verbose stack     at ChildProcess.emit (events.js:173:7)
14 verbose stack     at maybeClose (internal/child_process.js:819:16)
14 verbose stack     at Process.ChildProcess._handle.onexit (internal/child_process.js:212:5)
15 verbose pkgid moyafluffy@1.0.0
16 verbose cwd C:\workspace\html\moyafluffy
17 error Windows_NT 10.0.10586
18 error argv "C:\\Program Files\\nodejs\\node.exe" "C:\\Program Files\\nodejs\\node_modules\\npm\\bin\\npm-cli.js" "run" "watch"
19 error node v5.2.0
20 error npm  v3.3.12
21 error code ELIFECYCLE
22 error moyafluffy@1.0.0 watch: `sass --watch app/sass/main.scss app/sass/main.css`
22 error Exit status 1
23 error Failed at the moyafluffy@1.0.0 watch script 'sass --watch app/sass/main.scss app/sass/main.css'.
23 error Make sure you have the latest version of node.js and npm installed.
23 error If you do, this is most likely a problem with the moyafluffy package,
23 error not with npm itself.
23 error Tell the author that this fails on your system:
23 error     sass --watch app/sass/main.scss app/sass/main.css
23 error You can get their info via:
23 error     npm owner ls moyafluffy
23 error There is likely additional logging output above.
24 verbose exit [ 1, true ]
